<?xml version="1.0" encoding="UTF-8"?>
<testng-results ignored="0" total="8" passed="8" failed="0" skipped="0">
  <reporter-output>
  </reporter-output>
  <suite started-at="2025-08-19T18:20:42 IST" name="Suite" finished-at="2025-08-19T18:24:22 IST" duration-ms="219952">
    <groups>
    </groups>
    <test started-at="2025-08-19T18:20:42 IST" name="Test" finished-at="2025-08-19T18:24:22 IST" duration-ms="219952">
      <class name="System.System_1">
        <test-method is-config="true" signature="configBC()[pri:0, instance:System.System_1@305b7c14]" started-at="2025-08-19T18:23:26 IST" name="configBC" finished-at="2025-08-19T18:23:34 IST" duration-ms="8751" status="PASS">
          <reporter-output>
          </reporter-output>
        </test-method> <!-- configBC -->
        <test-method signature="System()[pri:0, instance:System.System_1@305b7c14]" started-at="2025-08-19T18:23:34 IST" name="System" finished-at="2025-08-19T18:24:09 IST" duration-ms="34547" status="PASS">
          <reporter-output>
          </reporter-output>
        </test-method> <!-- System -->
        <test-method is-config="true" signature="configBM()[pri:0, instance:System.System_1@305b7c14]" started-at="2025-08-19T18:23:34 IST" name="configBM" finished-at="2025-08-19T18:23:34 IST" duration-ms="0" status="PASS">
          <reporter-output>
          </reporter-output>
        </test-method> <!-- configBM -->
        <test-method is-config="true" signature="configAM()[pri:0, instance:System.System_1@305b7c14]" started-at="2025-08-19T18:24:09 IST" name="configAM" finished-at="2025-08-19T18:24:09 IST" duration-ms="5" status="PASS">
          <reporter-output>
          </reporter-output>
        </test-method> <!-- configAM -->
        <test-method is-config="true" signature="configAC()[pri:0, instance:System.System_1@305b7c14]" started-at="2025-08-19T18:24:09 IST" name="configAC" finished-at="2025-08-19T18:24:09 IST" duration-ms="1" status="PASS">
          <reporter-output>
          </reporter-output>
        </test-method> <!-- configAC -->
      </class> <!-- System.System_1 -->
      <class name="System.SystemTest">
        <test-method is-config="true" signature="configBC()[pri:0, instance:System.SystemTest@2de23121]" started-at="2025-08-19T18:21:15 IST" name="configBC" finished-at="2025-08-19T18:21:23 IST" duration-ms="8001" status="PASS">
          <reporter-output>
          </reporter-output>
        </test-method> <!-- configBC -->
        <test-method signature="loginTest()[pri:0, instance:System.SystemTest@2de23121]" started-at="2025-08-19T18:21:23 IST" name="loginTest" finished-at="2025-08-19T18:21:49 IST" duration-ms="25227" status="PASS">
          <reporter-output>
          </reporter-output>
        </test-method> <!-- loginTest -->
        <test-method is-config="true" signature="configBM()[pri:0, instance:System.SystemTest@2de23121]" started-at="2025-08-19T18:21:23 IST" name="configBM" finished-at="2025-08-19T18:21:23 IST" duration-ms="0" status="PASS">
          <reporter-output>
          </reporter-output>
        </test-method> <!-- configBM -->
        <test-method is-config="true" signature="configAM()[pri:0, instance:System.SystemTest@2de23121]" started-at="2025-08-19T18:21:49 IST" name="configAM" finished-at="2025-08-19T18:21:49 IST" duration-ms="6" status="PASS">
          <reporter-output>
          </reporter-output>
        </test-method> <!-- configAM -->
        <test-method is-config="true" signature="configAC()[pri:0, instance:System.SystemTest@2de23121]" started-at="2025-08-19T18:21:49 IST" name="configAC" finished-at="2025-08-19T18:21:49 IST" duration-ms="2" status="PASS">
          <reporter-output>
          </reporter-output>
        </test-method> <!-- configAC -->
      </class> <!-- System.SystemTest -->
      <class name="Integration.IntegrationTest_2">
        <test-method is-config="true" signature="configBC()[pri:0, instance:Integration.IntegrationTest_2@63475ace]" started-at="2025-08-19T18:21:49 IST" name="configBC" finished-at="2025-08-19T18:21:59 IST" duration-ms="10185" status="PASS">
          <reporter-output>
          </reporter-output>
        </test-method> <!-- configBC -->
        <test-method is-config="true" signature="configBM()[pri:0, instance:Integration.IntegrationTest_2@63475ace]" started-at="2025-08-19T18:21:59 IST" name="configBM" finished-at="2025-08-19T18:21:59 IST" duration-ms="0" status="PASS">
          <reporter-output>
          </reporter-output>
        </test-method> <!-- configBM -->
        <test-method signature="ShopToClassic()[pri:0, instance:Integration.IntegrationTest_2@63475ace]" started-at="2025-08-19T18:21:59 IST" name="ShopToClassic" finished-at="2025-08-19T18:22:05 IST" duration-ms="6507" status="PASS">
          <reporter-output>
          </reporter-output>
        </test-method> <!-- ShopToClassic -->
        <test-method is-config="true" signature="configAM()[pri:0, instance:Integration.IntegrationTest_2@63475ace]" started-at="2025-08-19T18:22:05 IST" name="configAM" finished-at="2025-08-19T18:22:05 IST" duration-ms="2" status="PASS">
          <reporter-output>
          </reporter-output>
        </test-method> <!-- configAM -->
        <test-method is-config="true" signature="configAC()[pri:0, instance:Integration.IntegrationTest_2@63475ace]" started-at="2025-08-19T18:22:05 IST" name="configAC" finished-at="2025-08-19T18:22:05 IST" duration-ms="3" status="PASS">
          <reporter-output>
          </reporter-output>
        </test-method> <!-- configAC -->
      </class> <!-- Integration.IntegrationTest_2 -->
      <class name="System.SystemTest_3">
        <test-method is-config="true" signature="configBC()[pri:0, instance:System.SystemTest_3@c0c2f8d]" started-at="2025-08-19T18:22:47 IST" name="configBC" finished-at="2025-08-19T18:22:58 IST" duration-ms="10475" status="PASS">
          <reporter-output>
          </reporter-output>
        </test-method> <!-- configBC -->
        <test-method signature="loginTest()[pri:0, instance:System.SystemTest_3@c0c2f8d]" started-at="2025-08-19T18:22:58 IST" name="loginTest" finished-at="2025-08-19T18:23:26 IST" duration-ms="28017" status="PASS">
          <reporter-output>
          </reporter-output>
        </test-method> <!-- loginTest -->
        <test-method is-config="true" signature="configBM()[pri:0, instance:System.SystemTest_3@c0c2f8d]" started-at="2025-08-19T18:22:58 IST" name="configBM" finished-at="2025-08-19T18:22:58 IST" duration-ms="0" status="PASS">
          <reporter-output>
          </reporter-output>
        </test-method> <!-- configBM -->
        <test-method is-config="true" signature="configAM()[pri:0, instance:System.SystemTest_3@c0c2f8d]" started-at="2025-08-19T18:23:26 IST" name="configAM" finished-at="2025-08-19T18:23:26 IST" duration-ms="0" status="PASS">
          <reporter-output>
          </reporter-output>
        </test-method> <!-- configAM -->
        <test-method is-config="true" signature="configAC()[pri:0, instance:System.SystemTest_3@c0c2f8d]" started-at="2025-08-19T18:23:26 IST" name="configAC" finished-at="2025-08-19T18:23:26 IST" duration-ms="0" status="PASS">
          <reporter-output>
          </reporter-output>
        </test-method> <!-- configAC -->
      </class> <!-- System.SystemTest_3 -->
      <class name="System.SystemTest_2">
        <test-method is-config="true" signature="configBC()[pri:0, instance:System.SystemTest_2@4988d8b8]" started-at="2025-08-19T18:22:05 IST" name="configBC" finished-at="2025-08-19T18:22:14 IST" duration-ms="9095" status="PASS">
          <reporter-output>
          </reporter-output>
        </test-method> <!-- configBC -->
        <test-method signature="loginTest()[pri:0, instance:System.SystemTest_2@4988d8b8]" started-at="2025-08-19T18:22:14 IST" name="loginTest" finished-at="2025-08-19T18:22:47 IST" duration-ms="32652" status="PASS">
          <reporter-output>
          </reporter-output>
        </test-method> <!-- loginTest -->
        <test-method is-config="true" signature="configBM()[pri:0, instance:System.SystemTest_2@4988d8b8]" started-at="2025-08-19T18:22:14 IST" name="configBM" finished-at="2025-08-19T18:22:14 IST" duration-ms="0" status="PASS">
          <reporter-output>
          </reporter-output>
        </test-method> <!-- configBM -->
        <test-method is-config="true" signature="configAM()[pri:0, instance:System.SystemTest_2@4988d8b8]" started-at="2025-08-19T18:22:47 IST" name="configAM" finished-at="2025-08-19T18:22:47 IST" duration-ms="1" status="PASS">
          <reporter-output>
          </reporter-output>
        </test-method> <!-- configAM -->
        <test-method is-config="true" signature="configAC()[pri:0, instance:System.SystemTest_2@4988d8b8]" started-at="2025-08-19T18:22:47 IST" name="configAC" finished-at="2025-08-19T18:22:47 IST" duration-ms="1" status="PASS">
          <reporter-output>
          </reporter-output>
        </test-method> <!-- configAC -->
      </class> <!-- System.SystemTest_2 -->
      <class name="Smoke.SmokeTest_1">
        <test-method is-config="true" signature="configBS()[pri:0, instance:Smoke.SmokeTest_1@ae13544]" started-at="2025-08-19T18:20:41 IST" name="configBS" finished-at="2025-08-19T18:20:42 IST" duration-ms="1353" status="PASS">
          <reporter-output>
          </reporter-output>
        </test-method> <!-- configBS -->
        <test-method is-config="true" signature="configBC()[pri:0, instance:Smoke.SmokeTest_1@ae13544]" started-at="2025-08-19T18:20:42 IST" name="configBC" finished-at="2025-08-19T18:20:48 IST" duration-ms="5377" status="PASS">
          <reporter-output>
          </reporter-output>
        </test-method> <!-- configBC -->
        <test-method is-config="true" signature="configBM()[pri:0, instance:Smoke.SmokeTest_1@ae13544]" started-at="2025-08-19T18:20:48 IST" name="configBM" finished-at="2025-08-19T18:20:48 IST" duration-ms="1" status="PASS">
          <reporter-output>
          </reporter-output>
        </test-method> <!-- configBM -->
        <test-method signature="SmokeTest()[pri:0, instance:Smoke.SmokeTest_1@ae13544]" started-at="2025-08-19T18:20:48 IST" name="SmokeTest" finished-at="2025-08-19T18:20:57 IST" duration-ms="9775" status="PASS">
          <reporter-output>
          </reporter-output>
        </test-method> <!-- SmokeTest -->
        <test-method is-config="true" signature="configAM()[pri:0, instance:Smoke.SmokeTest_1@ae13544]" started-at="2025-08-19T18:20:58 IST" name="configAM" finished-at="2025-08-19T18:20:58 IST" duration-ms="12" status="PASS">
          <reporter-output>
          </reporter-output>
        </test-method> <!-- configAM -->
        <test-method is-config="true" signature="configAC()[pri:0, instance:Smoke.SmokeTest_1@ae13544]" started-at="2025-08-19T18:20:58 IST" name="configAC" finished-at="2025-08-19T18:20:58 IST" duration-ms="0" status="PASS">
          <reporter-output>
          </reporter-output>
        </test-method> <!-- configAC -->
        <test-method is-config="true" signature="configAS()[pri:0, instance:Smoke.SmokeTest_1@ae13544]" started-at="2025-08-19T18:24:22 IST" name="configAS" finished-at="2025-08-19T18:24:22 IST" duration-ms="0" status="PASS">
          <reporter-output>
          </reporter-output>
        </test-method> <!-- configAS -->
      </class> <!-- Smoke.SmokeTest_1 -->
      <class name="Integration.IntegrationTest">
        <test-method is-config="true" signature="configBC()[pri:0, instance:Integration.IntegrationTest@6913c1fb]" started-at="2025-08-19T18:24:09 IST" name="configBC" finished-at="2025-08-19T18:24:17 IST" duration-ms="8356" status="PASS">
          <reporter-output>
          </reporter-output>
        </test-method> <!-- configBC -->
        <test-method is-config="true" signature="configBM()[pri:0, instance:Integration.IntegrationTest@6913c1fb]" started-at="2025-08-19T18:24:17 IST" name="configBM" finished-at="2025-08-19T18:24:17 IST" duration-ms="2" status="PASS">
          <reporter-output>
          </reporter-output>
        </test-method> <!-- configBM -->
        <test-method signature="ShopToClassic()[pri:0, instance:Integration.IntegrationTest@6913c1fb]" started-at="2025-08-19T18:24:17 IST" name="ShopToClassic" finished-at="2025-08-19T18:24:22 IST" duration-ms="4988" status="PASS">
          <reporter-output>
          </reporter-output>
        </test-method> <!-- ShopToClassic -->
        <test-method is-config="true" signature="configAM()[pri:0, instance:Integration.IntegrationTest@6913c1fb]" started-at="2025-08-19T18:24:22 IST" name="configAM" finished-at="2025-08-19T18:24:22 IST" duration-ms="1" status="PASS">
          <reporter-output>
          </reporter-output>
        </test-method> <!-- configAM -->
        <test-method is-config="true" signature="configAC()[pri:0, instance:Integration.IntegrationTest@6913c1fb]" started-at="2025-08-19T18:24:22 IST" name="configAC" finished-at="2025-08-19T18:24:22 IST" duration-ms="0" status="PASS">
          <reporter-output>
          </reporter-output>
        </test-method> <!-- configAC -->
      </class> <!-- Integration.IntegrationTest -->
      <class name="Smoke.SmokeTest_2">
        <test-method is-config="true" signature="configBC()[pri:0, instance:Smoke.SmokeTest_2@22fcf7ab]" started-at="2025-08-19T18:20:58 IST" name="configBC" finished-at="2025-08-19T18:21:05 IST" duration-ms="7828" status="PASS">
          <reporter-output>
          </reporter-output>
        </test-method> <!-- configBC -->
        <test-method is-config="true" signature="configBM()[pri:0, instance:Smoke.SmokeTest_2@22fcf7ab]" started-at="2025-08-19T18:21:05 IST" name="configBM" finished-at="2025-08-19T18:21:05 IST" duration-ms="3" status="PASS">
          <reporter-output>
          </reporter-output>
        </test-method> <!-- configBM -->
        <test-method signature="SmokeTest()[pri:0, instance:Smoke.SmokeTest_2@22fcf7ab]" started-at="2025-08-19T18:21:05 IST" name="SmokeTest" finished-at="2025-08-19T18:21:15 IST" duration-ms="9967" status="PASS">
          <reporter-output>
          </reporter-output>
        </test-method> <!-- SmokeTest -->
        <test-method is-config="true" signature="configAC()[pri:0, instance:Smoke.SmokeTest_2@22fcf7ab]" started-at="2025-08-19T18:21:15 IST" name="configAC" finished-at="2025-08-19T18:21:15 IST" duration-ms="0" status="PASS">
          <reporter-output>
          </reporter-output>
        </test-method> <!-- configAC -->
        <test-method is-config="true" signature="configAM()[pri:0, instance:Smoke.SmokeTest_2@22fcf7ab]" started-at="2025-08-19T18:21:15 IST" name="configAM" finished-at="2025-08-19T18:21:15 IST" duration-ms="0" status="PASS">
          <reporter-output>
          </reporter-output>
        </test-method> <!-- configAM -->
      </class> <!-- Smoke.SmokeTest_2 -->
    </test> <!-- Test -->
  </suite> <!-- Suite -->
</testng-results>
